storeSample/build/intermediates/manifest_merge_blame_file/debug/manifest-merger-blame-debug-report.txt
1<?xml version="1.0" encoding="utf-8"?>
2<manifest xmlns:android="http://schemas.android.com/apk/res/android"
3    package="com.example.storesample"
4    android:versionCode="1"
5    android:versionName="1.0" >
6
7    <uses-sdk
8        android:minSdkVersion="19"
8-->src\main\AndroidManifest.xml
9        android:targetSdkVersion="29" />
9-->src\main\AndroidManifest.xml
10
11    <uses-permission android:name="android.permission.WRITE_EXTERNAL_STORAGE" />
11-->src\main\AndroidManifest.xml:6:2-77
11-->src\main\AndroidManifest.xml:6:19-75
12    <uses-permission android:name="android.permission.READ_EXTERNAL_STORAGE" />
12-->src\main\AndroidManifest.xml:7:2-76
12-->src\main\AndroidManifest.xml:7:19-74
13    <uses-permission android:name="android.permission.ACCESS_COARSE_LOCATION" />
13-->src\main\AndroidManifest.xml:8:2-77
13-->src\main\AndroidManifest.xml:8:19-75
14
15    <application
15-->src\main\AndroidManifest.xml:10:2-24:16
16        android:allowBackup="true"
16-->src\main\AndroidManifest.xml:11:3-29
17        android:appComponentFactory="androidx.core.app.CoreComponentFactory"
17-->[androidx.core:core:1.0.1] AndroidManifest.xml:22:18-86
18        android:debuggable="true"
19        android:icon="@mipmap/ic_launcher"
19-->src\main\AndroidManifest.xml:12:3-37
20        android:label="@string/app_name"
20-->src\main\AndroidManifest.xml:13:3-35
21        android:roundIcon="@mipmap/ic_launcher_round"
21-->src\main\AndroidManifest.xml:14:3-48
22        android:supportsRtl="true"
22-->src\main\AndroidManifest.xml:15:3-29
23        android:theme="@style/AppTheme" >
23-->src\main\AndroidManifest.xml:16:3-34
24        <activity android:name="com.example.storesample.MainActivity" >
24-->src\main\AndroidManifest.xml:17:3-23:14
24-->src\main\AndroidManifest.xml:17:13-41
25            <intent-filter>
25-->src\main\AndroidManifest.xml:18:4-22:20
26                <action android:name="android.intent.action.MAIN" />
26-->src\main\AndroidManifest.xml:19:5-57
26-->src\main\AndroidManifest.xml:19:13-54
27
28                <category android:name="android.intent.category.LAUNCHER" />
28-->src\main\AndroidManifest.xml:21:5-65
28-->src\main\AndroidManifest.xml:21:15-62
29            </intent-filter>
30        </activity>
31    </application>
32
33</manifest>